<?xml version="1.0" encoding="UTF-8"?>
<!-- Generated by org.testng.reporters.JUnitReportReporter -->
<testsuite hostname="Siva" failures="0" tests="1" name="seleniumBasics.TextBoxExample" time="10.021" errors="0" timestamp="2023-12-28T09:28:03 IST" skipped="0">
  <testcase classname="seleniumBasics.TextBoxExample" name="textBox" time="10.021"/>
  <system-out/>
</testsuite> <!-- seleniumBasics.TextBoxExample -->
